================= Time Cost =================
278			94			24
114			157			116
71			152			75


================= Time Cost =================
281			98			22
133			137			135
76			148			95


================= Time Cost =================
282			101			23
129			156			113
79			138			76


================= Time Cost =================
267			100			27
120			142			118
59			123			89


================= Time Cost =================
309			103			24
129			148			134
93			161			99


================= Time Cost =================
290			112			25
147			162			136
91			177			89


============= Time Cost ============
177	69	10
66	97	75
52	94	61


============= Time Cost ============
188	83	11
71	99	90
50	90	71


============= Time Cost ============
172	66	12
68	96	73
53	93	55


============= Time Cost ============
181	74	12
69	96	84
53	98	60


============= Time Cost ============
200	69	12
74	100	88
52	114	62


============= Time Cost ============
169	65	10
59	91	87
49	102	80


============= Time Cost ============
165	65	10
69	89	73
49	90	56


============= Time Cost ============
164	64	13
56	90	73
47	87	62


============= Time Cost ============
159	60	11
56	84	72
46	85	55


