================= Time Cost =================
62195			227518			178469			
12107			21490			177390			



================= Time Cost =================
65909			237397			189738			
12677			21470			192589			



================= Time Cost =================
67298			242200			191251			
12990			20176			191723			



================= Time Cost =================
73521			260763			207520			
14395			20980			206562			



================= Time Cost =================
77316			275167			218361			
14497			19444			222372			



================= Time Cost =================
81681			291620			231373			
15322			19667			233235			



================= Time Cost =================
88118			310495			245507			
16467			19610			255006			



================= Time Cost =================
56910			209344			166906			
10010			21885			161900			



================= Time Cost =================
62153			228980			182698			
9699			23615			177111			



================= Time Cost =================
65840			245010			193090			
9773			25117			191237			



================= Time Cost =================
71442			266109			213853			
9780			27474			209251			



================= Time Cost =================
76802			288784			230094			
9711			29236			221756			



================= Time Cost =================
80630			306264			243478			
9624			31047			237286			



================= Time Cost =================
86274			325351			259576			
10316			35056			253624



================= Time Cost =================
914254			348468			54531			




================= Time Cost =================
1068577			411386			66698			




================= Time Cost =================
1138404			433214			70313			




================= Time Cost =================
1267919			483259			80681			




================= Time Cost =================
1327238			508370			84266			




================= Time Cost =================
1390248			529843			84399			




================= Time Cost =================
1416628			542004			84219			




================= Time Cost =================
932195			356715			57519			




================= Time Cost =================
1030081			392560			63796			




================= Time Cost =================
1125431			427188			68982			




================= Time Cost =================
1217231			465005			73981			




================= Time Cost =================
1320573			504620			82180			




================= Time Cost =================
1732811			662238			111616			




================= Time Cost =================
1870569			711130			119309			




